<?xml version="1.0" encoding="UTF-8"?>
<!-- Generated by org.testng.reporters.JUnitXMLReporter -->
<testsuite hostname="oncall-ThinkCentre-M93p" ignored="0" name="FlipkartWeb Test" tests="6" failures="4" timestamp="27 Apr 2020 07:27:34 GMT" time="202.616" errors="0">
  <testcase name="loginTest" time="0.447" classname="com.flipkartAutomationV2.testCases.TC_LoginWindow01"/>
  <testcase name="loginDDT" time="15.616" classname="com.flipkartAutomationV2.testCases.TC_LoginDDT02"/>
  <testcase name="loginDDT" time="5.596" classname="com.flipkartAutomationV2.testCases.TC_LoginDDT02">
    <failure type="java.lang.AssertionError" message="expected [true] but found [false]">
      <![CDATA[java.lang.AssertionError: expected [true] but found [false]
at com.flipkartAutomationV2.testCases.TC_LoginDDT02.loginDDT(TC_LoginDDT02.java:38)
... Removed 33 stack frames]]>
    </failure>
  </testcase> <!-- loginDDT -->
  <testcase name="loginDDT" time="5.573" classname="com.flipkartAutomationV2.testCases.TC_LoginDDT02">
    <failure type="java.lang.AssertionError" message="expected [true] but found [false]">
      <![CDATA[java.lang.AssertionError: expected [true] but found [false]
at com.flipkartAutomationV2.testCases.TC_LoginDDT02.loginDDT(TC_LoginDDT02.java:38)
... Removed 33 stack frames]]>
    </failure>
  </testcase> <!-- loginDDT -->
  <testcase name="loginDDT" time="5.495" classname="com.flipkartAutomationV2.testCases.TC_LoginDDT02">
    <failure type="java.lang.AssertionError" message="expected [true] but found [false]">
      <![CDATA[java.lang.AssertionError: expected [true] but found [false]
at com.flipkartAutomationV2.testCases.TC_LoginDDT02.loginDDT(TC_LoginDDT02.java:38)
... Removed 33 stack frames]]>
    </failure>
  </testcase> <!-- loginDDT -->
  <testcase name="loginDDT" time="5.512" classname="com.flipkartAutomationV2.testCases.TC_LoginDDT02">
    <failure type="java.lang.AssertionError" message="expected [true] but found [false]">
      <![CDATA[java.lang.AssertionError: expected [true] but found [false]
at com.flipkartAutomationV2.testCases.TC_LoginDDT02.loginDDT(TC_LoginDDT02.java:38)
... Removed 33 stack frames]]>
    </failure>
  </testcase> <!-- loginDDT -->
</testsuite> <!-- FlipkartWeb Test -->
