<?xml version="1.0" encoding="UTF-8"?>
<testsuite xmlns:xsi="http://www.w3.org/2001/XMLSchema-instance" xsi:noNamespaceSchemaLocation="https://maven.apache.org/surefire/maven-surefire-plugin/xsd/surefire-test-report-3.0.xsd" version="3.0" name="TestSuite" time="203.062" tests="6" errors="0" skipped="0" failures="4">
  <properties>
[...]
</properties>
  <testcase name="loginTest" classname="com.flipkartAutomationV2.testCases.TC_LoginWindow01" time="0.455"/>
  <testcase name="loginDDT" classname="com.flipkartAutomationV2.testCases.TC_LoginDDT02" time="15.617"/>
  <testcase name="loginDDT" classname="com.flipkartAutomationV2.testCases.TC_LoginDDT02" time="5.601">
    <failure message="expected [true] but found [false]" type="java.lang.AssertionError"><![CDATA[java.lang.AssertionError: expected [true] but found [false]
	at com.flipkartAutomationV2.testCases.TC_LoginDDT02.loginDDT(TC_LoginDDT02.java:38)
]]></failure>
    <system-out><![CDATA[Screenshot captured
]]></system-out>
  </testcase>
  <testcase name="loginDDT" classname="com.flipkartAutomationV2.testCases.TC_LoginDDT02" time="5.573">
    <failure message="expected [true] but found [false]" type="java.lang.AssertionError"><![CDATA[java.lang.AssertionError: expected [true] but found [false]
	at com.flipkartAutomationV2.testCases.TC_LoginDDT02.loginDDT(TC_LoginDDT02.java:38)
]]></failure>
    <system-out><![CDATA[Screenshot captured
]]></system-out>
  </testcase>
  <testcase name="loginDDT" classname="com.flipkartAutomationV2.testCases.TC_LoginDDT02" time="5.496">
    <failure message="expected [true] but found [false]" type="java.lang.AssertionError"><![CDATA[java.lang.AssertionError: expected [true] but found [false]
	at com.flipkartAutomationV2.testCases.TC_LoginDDT02.loginDDT(TC_LoginDDT02.java:38)
]]></failure>
    <system-out><![CDATA[Screenshot captured
]]></system-out>
  </testcase>
  <testcase name="loginDDT" classname="com.flipkartAutomationV2.testCases.TC_LoginDDT02" time="5.513">
    <failure message="expected [true] but found [false]" type="java.lang.AssertionError"><![CDATA[java.lang.AssertionError: expected [true] but found [false]
	at com.flipkartAutomationV2.testCases.TC_LoginDDT02.loginDDT(TC_LoginDDT02.java:38)
]]></failure>
    <system-out><![CDATA[Screenshot captured
]]></system-out>
  </testcase>
</testsuite>